Token: const, Position: (-1, -1)
Token: IDENTIFIER, Position: (5, 0)
Token: is, Position: (-1, -1)
Token: CONSTANT, Position: (5, 0)
Token: ,, Position: (-1, -1)
Token: IDENTIFIER, Position: (6, 0)
Token: is, Position: (-1, -1)
Token: CONSTANT, Position: (6, 0)
Token: ;, Position: (-1, -1)
Token: while, Position: (-1, -1)
Token: (, Position: (-1, -1)
Token: IDENTIFIER, Position: (6, 0)
Token: ), Position: (-1, -1)
Token: {, Position: (-1, -1)
Token: IDENTIFIER, Position: (5, 0)
Token: ,, Position: (-1, -1)
Token: IDENTIFIER, Position: (6, 0)
Token: is, Position: (-1, -1)
Token: IDENTIFIER, Position: (6, 0)
Token: ,, Position: (-1, -1)
Token: IDENTIFIER, Position: (5, 0)
Token: %, Position: (-1, -1)
Token: IDENTIFIER, Position: (6, 0)
Token: ;, Position: (-1, -1)
Token: }, Position: (-1, -1)
Token: if, Position: (-1, -1)
Token: (, Position: (-1, -1)
Token: IDENTIFIER, Position: (5, 0)
Token: is, Position: (-1, -1)
Token: CONSTANT, Position: (1, 0)
Token: ), Position: (-1, -1)
Token: {, Position: (-1, -1)
Token: print, Position: (-1, -1)
Token: (, Position: (-1, -1)
Token: CONSTANT, Position: (6, 0)
Token: ), Position: (-1, -1)
Token: ;, Position: (-1, -1)
Token: }, Position: (-1, -1)
Token: else, Position: (-1, -1)
Token: {, Position: (-1, -1)
Token: print, Position: (-1, -1)
Token: (, Position: (-1, -1)
Token: CONSTANT, Position: (6, 1)
Token: ), Position: (-1, -1)
Token: ;, Position: (-1, -1)
Token: }, Position: (-1, -1)
